[==========] Running 1 test from 1 test suite.
[----------] Global test environment set-up.
[----------] 1 test from alp_test
[ RUN      ] alp_test.ratio
找到 14 个CSV文件

============================================================
开始处理文件: "Sim-Truck (ST).csv"
============================================================
文件总数据量: 34422759 个数据点
预计需要处理 337 个rowgroups

文件处理完成，共处理了 337 个rowgroups
压缩信息:
  原始数据大小: 262.624809 MB
  压缩后数据大小: 81.359978 MB
  压缩率: 0.309795
  压缩核函数时间: 0.000000 ms
  压缩总时间: 327.381316 ms
  压缩吞吐量: 0.783397 GB/s
  解压核函数时间: 0.000000 ms
  解压总时间: 61.835780 ms
  解压吞吐量: 4.147591 GB/s

压缩方案使用统计:
  ALP: 337 个rowgroups
总处理的rowgroups: 337
平均每个rowgroup的数据点: 102144

============================================================
开始处理文件: "Wind-speed(WS).csv"
============================================================
文件总数据量: 20860255 个数据点
预计需要处理 204 个rowgroups

文件处理完成，共处理了 204 个rowgroups
压缩信息:
  原始数据大小: 159.151115 MB
  压缩后数据大小: 27.778419 MB
  压缩率: 0.174541
  压缩核函数时间: 0.000000 ms
  压缩总时间: 202.869327 ms
  压缩吞吐量: 0.766114 GB/s
  解压核函数时间: 0.000000 ms
  解压总时间: 35.516610 ms
  解压吞吐量: 4.376009 GB/s

压缩方案使用统计:
  ALP: 204 个rowgroups
总处理的rowgroups: 204
平均每个rowgroup的数据点: 102256

============================================================
开始处理文件: "NYX.csv"
============================================================
文件总数据量: 9437184 个数据点
预计需要处理 93 个rowgroups

文件处理完成，共处理了 93 个rowgroups
压缩信息:
  原始数据大小: 72.000000 MB
  压缩后数据大小: 63.295906 MB
  压缩率: 0.879110
  压缩核函数时间: 0.000000 ms
  压缩总时间: 574.226830 ms
  压缩吞吐量: 0.122447 GB/s
  解压核函数时间: 0.000000 ms
  解压总时间: 36.897467 ms
  解压吞吐量: 1.905619 GB/s

压缩方案使用统计:
  ALP_RD: 93 个rowgroups
总处理的rowgroups: 93
平均每个rowgroup的数据点: 101475

============================================================
开始处理文件: "ethylene_CO_processed.csv"
============================================================
文件总数据量: 46290871 个数据点
预计需要处理 453 个rowgroups

文件处理完成，共处理了 453 个rowgroups
压缩信息:
  原始数据大小: 353.171318 MB
  压缩后数据大小: 77.454994 MB
  压缩率: 0.219313
  压缩核函数时间: 0.000000 ms
  压缩总时间: 465.542641 ms
  压缩吞吐量: 0.740843 GB/s
  解压核函数时间: 0.000000 ms
  解压总时间: 83.378497 ms
  解压吞吐量: 4.136485 GB/s

压缩方案使用统计:
  ALP: 453 个rowgroups
总处理的rowgroups: 453
平均每个rowgroup的数据点: 102187

============================================================
开始处理文件: "solar_wind.csv"
============================================================
文件总数据量: 104139947 个数据点
预计需要处理 1017 个rowgroups

文件处理完成，共处理了 1017 个rowgroups
压缩信息:
  原始数据大小: 794.524742 MB
  压缩后数据大小: 149.527949 MB
  压缩率: 0.188198
  压缩核函数时间: 0.000000 ms
  压缩总时间: 1063.490165 ms
  压缩吞吐量: 0.729582 GB/s
  解压核函数时间: 0.000000 ms
  解压总时间: 187.337792 ms
  解压吞吐量: 4.141733 GB/s

压缩方案使用统计:
  ALP: 1017 个rowgroups
总处理的rowgroups: 1017
平均每个rowgroup的数据点: 102399

============================================================
开始处理文件: "Sim-Memory(SM).csv.csv"
============================================================
文件总数据量: 51840000 个数据点
预计需要处理 507 个rowgroups

文件处理完成，共处理了 507 个rowgroups
压缩信息:
  原始数据大小: 395.507812 MB
  压缩后数据大小: 171.188807 MB
  压缩率: 0.432833
  压缩核函数时间: 0.000000 ms
  压缩总时间: 536.602886 ms
  压缩吞吐量: 0.719784 GB/s
  解压核函数时间: 0.000000 ms
  解压总时间: 105.269574 ms
  解压吞吐量: 3.669038 GB/s

压缩方案使用统计:
  ALP: 507 个rowgroups
总处理的rowgroups: 507
平均每个rowgroup的数据点: 102248

============================================================
开始处理文件: "JaneStreet_cleaned.csv"
============================================================
文件总数据量: 71935770 个数据点
预计需要处理 703 个rowgroups

文件处理完成，共处理了 703 个rowgroups
压缩信息:
  原始数据大小: 548.826370 MB
  压缩后数据大小: 294.173705 MB
  压缩率: 0.536005
  压缩核函数时间: 0.000000 ms
  压缩总时间: 791.519808 ms
  压缩吞吐量: 0.677132 GB/s
  解压核函数时间: 0.000000 ms
  解压总时间: 150.502215 ms
  解压吞吐量: 3.561165 GB/s

压缩方案使用统计:
  ALP: 703 个rowgroups
总处理的rowgroups: 703
平均每个rowgroup的数据点: 102326

============================================================
开始处理文件: "NYX_float.csv"
============================================================
文件总数据量: 9437184 个数据点
预计需要处理 93 个rowgroups

文件处理完成，共处理了 93 个rowgroups
压缩信息:
  原始数据大小: 72.000000 MB
  压缩后数据大小: 34.466892 MB
  压缩率: 0.478707
  压缩核函数时间: 0.000000 ms
  压缩总时间: 103.405504 ms
  压缩吞吐量: 0.679969 GB/s
  解压核函数时间: 0.000000 ms
  解压总时间: 19.139266 ms
  解压吞吐量: 3.673730 GB/s

压缩方案使用统计:
  ALP: 93 个rowgroups
总处理的rowgroups: 93
平均每个rowgroup的数据点: 101475

============================================================
开始处理文件: "Stocks.csv"
============================================================
文件总数据量: 11321684 个数据点
预计需要处理 111 个rowgroups

文件处理完成，共处理了 111 个rowgroups
压缩信息:
  原始数据大小: 86.377594 MB
  压缩后数据大小: 13.921875 MB
  压缩率: 0.161175
  压缩核函数时间: 0.000000 ms
  压缩总时间: 120.427809 ms
  压缩吞吐量: 0.700446 GB/s
  解压核函数时间: 0.000000 ms
  解压总时间: 20.325296 ms
  解压吞吐量: 4.150155 GB/s

压缩方案使用统计:
  ALP: 111 个rowgroups
总处理的rowgroups: 111
平均每个rowgroup的数据点: 101997

============================================================
开始处理文件: "Taxi_float.csv"
============================================================
文件总数据量: 47248845 个数据点
预计需要处理 462 个rowgroups

文件处理完成，共处理了 462 个rowgroups
压缩信息:
  原始数据大小: 360.480080 MB
  压缩后数据大小: 155.455647 MB
  压缩率: 0.431246
  压缩核函数时间: 0.000000 ms
  压缩总时间: 494.459059 ms
  压缩吞吐量: 0.711952 GB/s
  解压核函数时间: 0.000000 ms
  解压总时间: 94.220320 ms
  解压吞吐量: 3.736257 GB/s

压缩方案使用统计:
  ALP: 462 个rowgroups
总处理的rowgroups: 462
平均每个rowgroup的数据点: 102270

============================================================
开始处理文件: "City-Temp.csv"
============================================================
文件总数据量: 57727468 个数据点
预计需要处理 564 个rowgroups

文件处理完成，共处理了 564 个rowgroups
压缩信息:
  原始数据大小: 440.425629 MB
  压缩后数据大小: 58.382941 MB
  压缩率: 0.132560
  压缩核函数时间: 0.000000 ms
  压缩总时间: 584.147456 ms
  压缩吞吐量: 0.736292 GB/s
  解压核函数时间: 0.000000 ms
  解压总时间: 99.805004 ms
  解压吞吐量: 4.309435 GB/s

压缩方案使用统计:
  ALP: 564 个rowgroups
总处理的rowgroups: 564
平均每个rowgroup的数据点: 102353

============================================================
开始处理文件: "Air-pressure.csv"
============================================================
文件总数据量: 13356090 个数据点
预计需要处理 131 个rowgroups

文件处理完成，共处理了 131 个rowgroups
压缩信息:
  原始数据大小: 101.898880 MB
  压缩后数据大小: 26.205773 MB
  压缩率: 0.257174
  压缩核函数时间: 0.000000 ms
  压缩总时间: 141.594530 ms
  压缩吞吐量: 0.702786 GB/s
  解压核函数时间: 0.000000 ms
  解压总时间: 24.173550 ms
  解压吞吐量: 4.116509 GB/s

压缩方案使用统计:
  ALP: 131 个rowgroups
总处理的rowgroups: 131
平均每个rowgroup的数据点: 101954

============================================================
开始处理文件: "amount.csv"
============================================================
文件总数据量: 47248845 个数据点
预计需要处理 462 个rowgroups

文件处理完成，共处理了 462 个rowgroups
压缩信息:
  原始数据大小: 360.480080 MB
  压缩后数据大小: 80.148890 MB
  压缩率: 0.222339
  压缩核函数时间: 0.000000 ms
  压缩总时间: 485.101391 ms
  压缩吞吐量: 0.725686 GB/s
  解压核函数时间: 0.000000 ms
  解压总时间: 87.357958 ms
  解压吞吐量: 4.029757 GB/s

压缩方案使用统计:
  ALP: 462 个rowgroups
总处理的rowgroups: 462
平均每个rowgroup的数据点: 102270

============================================================
开始处理文件: "Taxi_processed_pickup_dropoff.csv"
============================================================
文件总数据量: 47248844 个数据点
预计需要处理 462 个rowgroups

文件处理完成，共处理了 462 个rowgroups
压缩信息:
  原始数据大小: 360.480072 MB
  压缩后数据大小: 299.108875 MB
  压缩率: 0.829751
  压缩核函数时间: 0.000000 ms
  压缩总时间: 523.467678 ms
  压缩吞吐量: 0.672499 GB/s
  解压核函数时间: 0.000000 ms
  解压总时间: 102.512177 ms
  解压吞吐量: 3.434044 GB/s

压缩方案使用统计:
  ALP: 462 个rowgroups
总处理的rowgroups: 462
平均每个rowgroup的数据点: 102270

============================================================
总体统计信息
============================================================
总原始大小: 4367.95 MB
总压缩大小: 1532.47 MB
总压缩比: 0.3508
总编码时间: 6414.24 ms
总解码时间: 1108.27 ms

总体方案使用统计:
  ALP_RD: 93 个rowgroups
  ALP: 5506 个rowgroups
总处理的rowgroups: 5599
处理的文件数: 14
[       OK ] alp_test.ratio (107913 ms)
[----------] 1 test from alp_test (107913 ms total)

[----------] Global test environment tear-down
[==========] 1 test from 1 test suite ran. (107913 ms total)
[  PASSED  ] 1 test.
